<?xml version="1.0" encoding="UTF-8"?>
<!-- Generated by org.testng.reporters.JUnitXMLReporter -->
<testsuite hostname="AutoCTIClient" ignored="84" name="SmartSuite Web Testsuite" tests="86" failures="1" timestamp="2023-07-13T09:21:07 CDT" time="1311.395" errors="0">
  <testcase name="testcases_generalSmartSuite_LoginTest" time="0.1" classname="general.EncryptPasswords"/>
  <testcase name="testcases_personalProfile_Inbox_SearchActiveMessagesTest" time="21.825" classname="personalProfile.Inbox.SearchActiveMessagesTest"/>
  <testcase name="testcases_personalProfile_Inbox_SearchActiveMessagesTest" time="24.12" classname="personalProfile.Inbox.SearchActiveMessagesTest"/>
  <testcase name="testcases_personalProfile_Inbox_SearchActiveMessagesTest" time="23.026" classname="personalProfile.Inbox.SearchActiveMessagesTest"/>
  <testcase name="testcases_personalProfile_Inbox_SearchArchivedMessagesTest" time="30.412" classname="personalProfile.Inbox.SearchArchivedMessagesTest"/>
  <testcase name="testcases_personalProfile_Inbox_SearchArchivedMessagesTest" time="19.655" classname="personalProfile.Inbox.SearchArchivedMessagesTest"/>
  <testcase name="testcases_personalProfile_Inbox_SearchArchivedMessagesTest" time="19.724" classname="personalProfile.Inbox.SearchArchivedMessagesTest"/>
  <testcase name="testcases_generalSmartSuite_LoginTest" time="1.726" classname="generalSmartSuite.LoginTest"/>
  <testcase name="testcases_generalSmartSuite_QuickPageLinkTest" time="27.589" classname="generalSmartSuite.QuickPageLinkTest"/>
  <testcase name="testcases_generalSmartSuite_SendExternalQuickPageTest" time="18.02" classname="generalSmartSuite.SendExternalQuickPageTest"/>
  <testcase name="testcases_generalSmartSuite_TopRightSearchBarTest" time="2.594" classname="generalSmartSuite.TopRightSearchBarTest"/>
  <testcase name="testcases_directorySearch_DetailViewSendPageTest" time="18.018" classname="directorySearch.DetailViewSendPageTest"/>
  <testcase name="testcases_directorySearch_NavigateSearchResultsTests" time="2.43" classname="directorySearch.NavigateSearchResultsTest"/>
  <testcase name="testcases_directorySearch_SearchTest" time="9.285" classname="directorySearch.SearchTest"/>
  <testcase name="testcases_directorySearch_SearchTest" time="3.129" classname="directorySearch.SearchTest"/>
  <testcase name="testcases_directorySearch_SearchTest" time="8.786" classname="directorySearch.SearchTest"/>
  <testcase name="testcases_directorySearch_SearchTest" time="9.127" classname="directorySearch.SearchTest"/>
  <testcase name="testcases_directorySearch_SearchTest" time="14.885" classname="directorySearch.SearchTest"/>
  <testcase name="testcases_directorySearch_SearchTest" time="9.165" classname="directorySearch.SearchTest"/>
  <testcase name="testcases_directorySearch_SearchTest" time="8.728" classname="directorySearch.SearchTest"/>
  <testcase name="testcases_directorySearch_SendPageTest" time="13.632" classname="directorySearch.SendPageTest"/>
  <testcase name="testcases_globalSearch_AdvancedSearchLinksTest" time="1.77" classname="globalSearch.AdvancedSearchLinksTest"/>
  <testcase name="testcases_globalSearch_AdvancedSearchLinksTest" time="1.652" classname="globalSearch.AdvancedSearchLinksTest"/>
  <testcase name="testcases_globalSearch_AdvancedSearchLinksTest" time="1.784" classname="globalSearch.AdvancedSearchLinksTest"/>
  <testcase name="testcases_globalSearch_SearchTest" time="6.304" classname="globalSearch.SearchTest"/>
  <testcase name="testcases_globalSearch_SearchTest" time="1.981" classname="globalSearch.SearchTest"/>
  <testcase name="testcases_globalSearch_SearchTest" time="1.904" classname="globalSearch.SearchTest"/>
  <testcase name="testcases_globalSearch_SearchTest" time="2.03" classname="globalSearch.SearchTest"/>
  <testcase name="testcases_globalSearch_SearchTest" time="1.581" classname="globalSearch.SearchTest"/>
  <testcase name="testcases_globalSearch_SearchTest" time="1.666" classname="globalSearch.SearchTest"/>
  <testcase name="testcases_globalSearch_SearchTest" time="5.696" classname="globalSearch.SearchTest"/>
  <testcase name="testcases_globalSearch_SearchTest" time="4.545" classname="globalSearch.SearchTest"/>
  <testcase name="testcases_globalSearch_SearchTest" time="1.951" classname="globalSearch.SearchTest"/>
  <testcase name="testcases_globalSearch_SearchTest" time="4.315" classname="globalSearch.SearchTest"/>
  <testcase name="testcases_globalSearch_SearchTest" time="1.716" classname="globalSearch.SearchTest"/>
  <testcase name="testcases_globalSearch_SearchTest" time="1.73" classname="globalSearch.SearchTest"/>
  <testcase name="testcases_globalSearch_SendPageMessageTest" time="15.986" classname="globalSearch.SendPageMessageTest"/>
  <testcase name="testcases_onCall_NavigateTreesTest" time="6.577" classname="onCall.NavigateTreesTest"/>
  <testcase name="testcases_onCall_NavigateTreesTest" time="6.59" classname="onCall.NavigateTreesTest"/>
  <testcase name="testcases_onCall_NavigateTreesTest" time="6.468" classname="onCall.NavigateTreesTest"/>
  <testcase name="testcases_onCall_NavigateTreesTest" time="6.478" classname="onCall.NavigateTreesTest"/>
  <testcase name="testcases_onCall_NavigateTreesTest" time="6.515" classname="onCall.NavigateTreesTest"/>
  <testcase name="testcases_onCall_SearchTodayTabTest" time="54.369" classname="onCall.SearchTodayPersonQuickViewTabsTest"/>
  <testcase name="testcases_onCall_BlockAssignment_CalenderNavigationTest" time="8.204" classname="onCall.BlockAssignment.CalenderNavigationTest"/>
  <testcase name="testcases_onCall_BlockAssignment_CalenderNavigationTest" time="8.029" classname="onCall.BlockAssignment.CalenderNavigationTest"/>
  <testcase name="testcases_onCall_BlockAssignment_CreateModifyAndDeleteAssignmentTest" time="27.574" classname="onCall.BlockAssignment.CreateModifyAndDeleteAssignmentTest"/>
  <testcase name="testcases_onCall_BlockAssignment_NonMemberSearch" time="6.589" classname="onCall.BlockAssignment.NonMemberSearch"/>
  <testcase name="testcases_onCall_CalenderAssignment_CalenderNavigationTest" time="15.406" classname="onCall.CalenderAssignment.CalenderNavigationTest"/>
  <testcase name="testcases_onCall_CalenderAssignment_CalenderNavigationTest" time="15.435" classname="onCall.CalenderAssignment.CalenderNavigationTest"/>
  <testcase name="testcases_onCall_CalenderAssignment_CreateModifyAndDeleteAssignmentTest" time="40.719" classname="onCall.CalenderAssignment.CreateModifyAndDeleteAssignmentTest"/>
  <testcase name="testcases_onCall_History_SearchTest" time="8.182" classname="onCall.History.SearchTest"/>
  <testcase name="testcases_onCall_SchedulerAssignment_AddInstructionsToGroupTest" time="83.094" classname="onCall.SchedulerAssignment.AddInstructionsToGroupTest"/>
  <testcase name="testcases_onCall_SchedulerAssignment_CreateModifyAndDeleteAssignmentTest" time="56.06" classname="onCall.SchedulerAssignment.CreateModifyAndDeleteAssignmentTest"/>
  <testcase name="testcases_onCall_SchedulerAssignment_MoveAssignmentTest" time="53.345" classname="onCall.SchedulerAssignment.MoveAssignmentTest"/>
  <testcase name="testcases_onCall_SchedulerAssignment_MoveAssignmentTest" time="53.738" classname="onCall.SchedulerAssignment.MoveAssignmentTest"/>
  <testcase name="testcases_onCall_SchedulerAssignment_SearchTest" time="14.785" classname="onCall.SchedulerAssignment.SearchTest"/>
  <testcase name="testcases_onCall_SchedulerAssignment_ShowListTest" time="20.972" classname="onCall.SchedulerAssignment.ShowListTest"/>
  <testcase name="testcases_onCall_SchedulerAssignment_ShowShiftsTest" time="15.822" classname="onCall.SchedulerAssignment.ShowShiftsTest"/>
  <testcase name="testcases_onCall_Search_SearchTest" time="2.81" classname="onCall.Search.SearchTest"/>
  <testcase name="testcases_pagingTab_CreateAndSendToPersonalMessageGroupTest" time="31.453" classname="pagingTab.CreateAndSendToPersonalMessageGroupTest"/>
  <testcase name="testcases_pagingTab_SearchTest" time="4.783" classname="pagingTab.SearchTest"/>
  <testcase name="testcases_pagingTab_SearchTest" time="4.617" classname="pagingTab.SearchTest"/>
  <testcase name="testcases_pagingTab_SearchTest" time="4.732" classname="pagingTab.SearchTest"/>
  <testcase name="testcases_pagingTab_SearchTest" time="4.734" classname="pagingTab.SearchTest"/>
  <testcase name="testcases_pagingTab_SendPageTest" time="20.214" classname="pagingTab.SendPageTest"/>
  <testcase name="testcases_pagingTab_SendPageTest" time="20.488" classname="pagingTab.SendPageTest"/>
  <testcase name="testcases_patientInfo_SearchTest" time="4.374" classname="patientInfo.SearchTest"/>
  <testcase name="testcases_personalProfile_DeviceManagement_AddModifyDeleteEmailTest" time="27.61" classname="personalProfile.DeviceManagement.AddModifyDeleteEmailTest"/>
  <testcase name="testcases_personalProfile_DeviceManagement_SendToAllDevicesIconTest" time="35.789" classname="personalProfile.DeviceManagement.SendToAllDevicesIconTest"/>
  <testcase name="testcases_personalProfile_PictureUpload_PictureUploadTest" time="8.308" classname="personalProfile.PictureUpload.PictureUploadTest"/>
  <testcase name="testcases_personalProfile_PictureUpload_PictureUploadTest" time="8.32" classname="personalProfile.PictureUpload.PictureUploadTest"/>
  <testcase name="testcases_personalProfile_Profile_AddCurrentExceptionTest" time="25.27" classname="personalProfile.Profile.AddCurrentExceptionTest"/>
  <testcase name="testcases_personalProfile_Profile_AddCurrentExceptionTest" time="25.32" classname="personalProfile.Profile.AddCurrentExceptionTest"/>
  <testcase name="testcases_personalProfile_Profile_AddCurrentExceptionTest" time="25.511" classname="personalProfile.Profile.AddCurrentExceptionTest"/>
  <testcase name="testcases_personalProfile_Profile_AddFutureExceptionTest" time="27.389" classname="personalProfile.Profile.AddFutureExceptionTest"/>
  <testcase name="testcases_personalProfile_Profile_AddModifyDeleteInstructionsTest" time="14.968" classname="personalProfile.Profile.AddModifyDeleteInstructionsTest"/>
  <testcase name="testcases_personalProfile_Profile_AddModifyDeleteInstructionsTest" time="17.525" classname="personalProfile.Profile.AddModifyDeleteInstructionsTest"/>
  <testcase name="testcases_personalProfile_Profile_DirectoryInfoTest" time="23.109" classname="personalProfile.Profile.DirectoryInfoTest"/>
  <testcase name="testcases_personalProfile_Profile_StatusUpdateTest" time="11.104" classname="personalProfile.Profile.StatusUpdateTest"/>
  <testcase name="testcases_personalProfile_Profile_StatusUpdateTest" time="10.531" classname="personalProfile.Profile.StatusUpdateTest"/>
  <testcase name="testcases_personalProfile_QuickViewSettings_AddOncallGroupTest" time="25.81" classname="personalProfile.QuickViewSettings.AddOncallGroupTest"/>
  <testcase name="testcases_personalProfile_SentItems_PageLogSearchTest" time="11.938" classname="personalProfile.SentItems.PageLogSearchTest">
    <skipped/>
  </testcase> <!-- testcases_personalProfile_SentItems_PageLogSearchTest -->
  <testcase name="testcases_personalProfile_SentItems_PageLogSearchTest" time="11.784" classname="personalProfile.SentItems.PageLogSearchTest">
    <skipped/>
  </testcase> <!-- testcases_personalProfile_SentItems_PageLogSearchTest -->
  <testcase name="testcases_personalProfile_SentItems_PageLogSearchTest" time="11.556" classname="personalProfile.SentItems.PageLogSearchTest">
    <skipped/>
  </testcase> <!-- testcases_personalProfile_SentItems_PageLogSearchTest -->
  <testcase name="testcases_personalProfile_SentItems_PageLogSearchTest" time="11.544" classname="personalProfile.SentItems.PageLogSearchTest">
    <failure type="java.lang.AssertionError" message="expected [Able to retrieve the size of the WebElement &amp;quot;List of Search Results&amp;quot;] but found [Error: Unable to retrieve the size of the WebElement &amp;quot;List of Search Results&amp;quot;]">
      <![CDATA[java.lang.AssertionError: expected [Able to retrieve the size of the WebElement "List of Search Results"] but found [Error: Unable to retrieve the size of the WebElement "List of Search Results"]
at utilityClasses.ReportLoggerMethods.getSize(ReportLoggerMethods.java:433)
at ssWeb.pageMethods.PersonalProfile_SentItemsPage.getSearchResultCount(PersonalProfile_SentItemsPage.java:71)
at ssWeb.pageMethods.PersonalProfile_SentItemsPage.verifyPageLogSearchResults(PersonalProfile_SentItemsPage.java:85)
at personalProfile.SentItems.PageLogSearchTest.testcases_personalProfile_SentItems_PageLogSearchTest(PageLogSearchTest.java:77)
at java.util.ArrayList.forEach(ArrayList.java:1259)
at java.util.concurrent.FutureTask.run(FutureTask.java:266)
at java.util.concurrent.ThreadPoolExecutor.runWorker(ThreadPoolExecutor.java:1149)
at java.util.concurrent.ThreadPoolExecutor$Worker.run(ThreadPoolExecutor.java:624)
at java.lang.Thread.run(Thread.java:748)
... Removed 24 stack frames]]>
    </failure>
  </testcase> <!-- testcases_personalProfile_SentItems_PageLogSearchTest -->
  <testcase name="testcases_personalProfile_SentItems_PageLogSearchTest" time="11.667" classname="personalProfile.SentItems.PageLogSearchTest"/>
  <testcase name="@BeforeTest beforeTest" time="0.0" classname="base.TestBase">
    <ignored/>
  </testcase> <!-- @BeforeTest beforeTest -->
  <testcase name="@BeforeTest beforeTest" time="0.0" classname="base.TestBase">
    <ignored/>
  </testcase> <!-- @BeforeTest beforeTest -->
  <testcase name="@BeforeTest beforeTest" time="0.0" classname="base.TestBase">
    <ignored/>
  </testcase> <!-- @BeforeTest beforeTest -->
  <testcase name="@BeforeTest beforeTest" time="0.0" classname="base.TestBase">
    <ignored/>
  </testcase> <!-- @BeforeTest beforeTest -->
  <testcase name="@BeforeTest beforeTest" time="0.0" classname="base.TestBase">
    <ignored/>
  </testcase> <!-- @BeforeTest beforeTest -->
  <testcase name="@BeforeTest beforeTest" time="0.0" classname="base.TestBase">
    <ignored/>
  </testcase> <!-- @BeforeTest beforeTest -->
  <testcase name="@BeforeTest beforeTest" time="0.0" classname="base.TestBase">
    <ignored/>
  </testcase> <!-- @BeforeTest beforeTest -->
  <testcase name="@BeforeTest beforeTest" time="0.0" classname="base.TestBase">
    <ignored/>
  </testcase> <!-- @BeforeTest beforeTest -->
  <testcase name="@BeforeTest beforeTest" time="0.0" classname="base.TestBase">
    <ignored/>
  </testcase> <!-- @BeforeTest beforeTest -->
  <testcase name="@BeforeTest beforeTest" time="0.0" classname="base.TestBase">
    <ignored/>
  </testcase> <!-- @BeforeTest beforeTest -->
  <testcase name="@BeforeTest beforeTest" time="0.0" classname="base.TestBase">
    <ignored/>
  </testcase> <!-- @BeforeTest beforeTest -->
  <testcase name="@BeforeTest beforeTest" time="0.0" classname="base.TestBase">
    <ignored/>
  </testcase> <!-- @BeforeTest beforeTest -->
  <testcase name="@BeforeTest beforeTest" time="0.0" classname="base.TestBase">
    <ignored/>
  </testcase> <!-- @BeforeTest beforeTest -->
  <testcase name="@BeforeTest beforeTest" time="0.0" classname="base.TestBase">
    <ignored/>
  </testcase> <!-- @BeforeTest beforeTest -->
  <testcase name="@BeforeTest beforeTest" time="0.0" classname="base.TestBase">
    <ignored/>
  </testcase> <!-- @BeforeTest beforeTest -->
  <testcase name="@BeforeTest beforeTest" time="0.0" classname="base.TestBase">
    <ignored/>
  </testcase> <!-- @BeforeTest beforeTest -->
  <testcase name="@BeforeTest beforeTest" time="0.0" classname="base.TestBase">
    <ignored/>
  </testcase> <!-- @BeforeTest beforeTest -->
  <testcase name="@BeforeTest beforeTest" time="0.0" classname="base.TestBase">
    <ignored/>
  </testcase> <!-- @BeforeTest beforeTest -->
  <testcase name="@BeforeTest beforeTest" time="0.0" classname="base.TestBase">
    <ignored/>
  </testcase> <!-- @BeforeTest beforeTest -->
  <testcase name="@BeforeTest beforeTest" time="0.0" classname="base.TestBase">
    <ignored/>
  </testcase> <!-- @BeforeTest beforeTest -->
  <testcase name="@BeforeTest beforeTest" time="0.0" classname="base.TestBase">
    <ignored/>
  </testcase> <!-- @BeforeTest beforeTest -->
  <testcase name="@BeforeTest beforeTest" time="0.0" classname="base.TestBase">
    <ignored/>
  </testcase> <!-- @BeforeTest beforeTest -->
  <testcase name="@BeforeTest beforeTest" time="0.0" classname="base.TestBase">
    <ignored/>
  </testcase> <!-- @BeforeTest beforeTest -->
  <testcase name="@BeforeTest beforeTest" time="0.0" classname="base.TestBase">
    <ignored/>
  </testcase> <!-- @BeforeTest beforeTest -->
  <testcase name="@BeforeTest beforeTest" time="0.0" classname="base.TestBase">
    <ignored/>
  </testcase> <!-- @BeforeTest beforeTest -->
  <testcase name="@BeforeTest beforeTest" time="0.0" classname="base.TestBase">
    <ignored/>
  </testcase> <!-- @BeforeTest beforeTest -->
  <testcase name="@BeforeTest beforeTest" time="0.0" classname="base.TestBase">
    <ignored/>
  </testcase> <!-- @BeforeTest beforeTest -->
  <testcase name="@BeforeTest beforeTest" time="0.0" classname="base.TestBase">
    <ignored/>
  </testcase> <!-- @BeforeTest beforeTest -->
  <testcase name="@BeforeTest beforeTest" time="0.0" classname="base.TestBase">
    <ignored/>
  </testcase> <!-- @BeforeTest beforeTest -->
  <testcase name="@BeforeTest beforeTest" time="0.0" classname="base.TestBase">
    <ignored/>
  </testcase> <!-- @BeforeTest beforeTest -->
  <testcase name="@BeforeTest beforeTest" time="0.0" classname="base.TestBase">
    <ignored/>
  </testcase> <!-- @BeforeTest beforeTest -->
  <testcase name="@BeforeTest beforeTest" time="0.0" classname="base.TestBase">
    <ignored/>
  </testcase> <!-- @BeforeTest beforeTest -->
  <testcase name="@BeforeTest beforeTest" time="0.0" classname="base.TestBase">
    <ignored/>
  </testcase> <!-- @BeforeTest beforeTest -->
  <testcase name="@BeforeTest beforeTest" time="0.0" classname="base.TestBase">
    <ignored/>
  </testcase> <!-- @BeforeTest beforeTest -->
  <testcase name="@BeforeTest beforeTest" time="0.0" classname="base.TestBase">
    <ignored/>
  </testcase> <!-- @BeforeTest beforeTest -->
  <testcase name="@BeforeTest beforeTest" time="0.0" classname="base.TestBase">
    <ignored/>
  </testcase> <!-- @BeforeTest beforeTest -->
  <testcase name="@BeforeTest beforeTest" time="0.0" classname="base.TestBase">
    <ignored/>
  </testcase> <!-- @BeforeTest beforeTest -->
  <testcase name="@BeforeTest beforeTest" time="0.0" classname="base.TestBase">
    <ignored/>
  </testcase> <!-- @BeforeTest beforeTest -->
  <testcase name="@BeforeTest beforeTest" time="0.0" classname="base.TestBase">
    <ignored/>
  </testcase> <!-- @BeforeTest beforeTest -->
  <testcase name="@BeforeTest beforeTest" time="0.0" classname="base.TestBase">
    <ignored/>
  </testcase> <!-- @BeforeTest beforeTest -->
  <testcase name="@BeforeTest beforeTest" time="0.0" classname="base.TestBase">
    <ignored/>
  </testcase> <!-- @BeforeTest beforeTest -->
  <testcase name="@BeforeTest beforeTest" time="0.0" classname="base.TestBase">
    <ignored/>
  </testcase> <!-- @BeforeTest beforeTest -->
  <testcase name="@AfterSuite afterSuite" time="0.0" classname="base.TestBase">
    <ignored/>
  </testcase> <!-- @AfterSuite afterSuite -->
  <testcase name="@AfterSuite afterSuite" time="0.0" classname="base.TestBase">
    <ignored/>
  </testcase> <!-- @AfterSuite afterSuite -->
  <testcase name="@AfterSuite afterSuite" time="0.0" classname="base.TestBase">
    <ignored/>
  </testcase> <!-- @AfterSuite afterSuite -->
  <testcase name="@AfterSuite afterSuite" time="0.0" classname="base.TestBase">
    <ignored/>
  </testcase> <!-- @AfterSuite afterSuite -->
  <testcase name="@AfterSuite afterSuite" time="0.0" classname="base.TestBase">
    <ignored/>
  </testcase> <!-- @AfterSuite afterSuite -->
  <testcase name="@AfterSuite afterSuite" time="0.0" classname="base.TestBase">
    <ignored/>
  </testcase> <!-- @AfterSuite afterSuite -->
  <testcase name="@AfterSuite afterSuite" time="0.0" classname="base.TestBase">
    <ignored/>
  </testcase> <!-- @AfterSuite afterSuite -->
  <testcase name="@AfterSuite afterSuite" time="0.0" classname="base.TestBase">
    <ignored/>
  </testcase> <!-- @AfterSuite afterSuite -->
  <testcase name="@AfterSuite afterSuite" time="0.0" classname="base.TestBase">
    <ignored/>
  </testcase> <!-- @AfterSuite afterSuite -->
  <testcase name="@AfterSuite afterSuite" time="0.0" classname="base.TestBase">
    <ignored/>
  </testcase> <!-- @AfterSuite afterSuite -->
  <testcase name="@AfterSuite afterSuite" time="0.0" classname="base.TestBase">
    <ignored/>
  </testcase> <!-- @AfterSuite afterSuite -->
  <testcase name="@AfterSuite afterSuite" time="0.0" classname="base.TestBase">
    <ignored/>
  </testcase> <!-- @AfterSuite afterSuite -->
  <testcase name="@AfterSuite afterSuite" time="0.0" classname="base.TestBase">
    <ignored/>
  </testcase> <!-- @AfterSuite afterSuite -->
  <testcase name="@AfterSuite afterSuite" time="0.0" classname="base.TestBase">
    <ignored/>
  </testcase> <!-- @AfterSuite afterSuite -->
  <testcase name="@AfterSuite afterSuite" time="0.0" classname="base.TestBase">
    <ignored/>
  </testcase> <!-- @AfterSuite afterSuite -->
  <testcase name="@AfterSuite afterSuite" time="0.0" classname="base.TestBase">
    <ignored/>
  </testcase> <!-- @AfterSuite afterSuite -->
  <testcase name="@AfterSuite afterSuite" time="0.0" classname="base.TestBase">
    <ignored/>
  </testcase> <!-- @AfterSuite afterSuite -->
  <testcase name="@AfterSuite afterSuite" time="0.0" classname="base.TestBase">
    <ignored/>
  </testcase> <!-- @AfterSuite afterSuite -->
  <testcase name="@AfterSuite afterSuite" time="0.0" classname="base.TestBase">
    <ignored/>
  </testcase> <!-- @AfterSuite afterSuite -->
  <testcase name="@AfterSuite afterSuite" time="0.0" classname="base.TestBase">
    <ignored/>
  </testcase> <!-- @AfterSuite afterSuite -->
  <testcase name="@AfterSuite afterSuite" time="0.0" classname="base.TestBase">
    <ignored/>
  </testcase> <!-- @AfterSuite afterSuite -->
  <testcase name="@AfterSuite afterSuite" time="0.0" classname="base.TestBase">
    <ignored/>
  </testcase> <!-- @AfterSuite afterSuite -->
  <testcase name="@AfterSuite afterSuite" time="0.0" classname="base.TestBase">
    <ignored/>
  </testcase> <!-- @AfterSuite afterSuite -->
  <testcase name="@AfterSuite afterSuite" time="0.0" classname="base.TestBase">
    <ignored/>
  </testcase> <!-- @AfterSuite afterSuite -->
  <testcase name="@AfterSuite afterSuite" time="0.0" classname="base.TestBase">
    <ignored/>
  </testcase> <!-- @AfterSuite afterSuite -->
  <testcase name="@AfterSuite afterSuite" time="0.0" classname="base.TestBase">
    <ignored/>
  </testcase> <!-- @AfterSuite afterSuite -->
  <testcase name="@AfterSuite afterSuite" time="0.0" classname="base.TestBase">
    <ignored/>
  </testcase> <!-- @AfterSuite afterSuite -->
  <testcase name="@AfterSuite afterSuite" time="0.0" classname="base.TestBase">
    <ignored/>
  </testcase> <!-- @AfterSuite afterSuite -->
  <testcase name="@AfterSuite afterSuite" time="0.0" classname="base.TestBase">
    <ignored/>
  </testcase> <!-- @AfterSuite afterSuite -->
  <testcase name="@AfterSuite afterSuite" time="0.0" classname="base.TestBase">
    <ignored/>
  </testcase> <!-- @AfterSuite afterSuite -->
  <testcase name="@AfterSuite afterSuite" time="0.0" classname="base.TestBase">
    <ignored/>
  </testcase> <!-- @AfterSuite afterSuite -->
  <testcase name="@AfterSuite afterSuite" time="0.0" classname="base.TestBase">
    <ignored/>
  </testcase> <!-- @AfterSuite afterSuite -->
  <testcase name="@AfterSuite afterSuite" time="0.0" classname="base.TestBase">
    <ignored/>
  </testcase> <!-- @AfterSuite afterSuite -->
  <testcase name="@AfterSuite afterSuite" time="0.0" classname="base.TestBase">
    <ignored/>
  </testcase> <!-- @AfterSuite afterSuite -->
  <testcase name="@AfterSuite afterSuite" time="0.0" classname="base.TestBase">
    <ignored/>
  </testcase> <!-- @AfterSuite afterSuite -->
  <testcase name="@AfterSuite afterSuite" time="0.0" classname="base.TestBase">
    <ignored/>
  </testcase> <!-- @AfterSuite afterSuite -->
  <testcase name="@AfterSuite afterSuite" time="0.0" classname="base.TestBase">
    <ignored/>
  </testcase> <!-- @AfterSuite afterSuite -->
  <testcase name="@AfterSuite afterSuite" time="0.0" classname="base.TestBase">
    <ignored/>
  </testcase> <!-- @AfterSuite afterSuite -->
  <testcase name="@AfterSuite afterSuite" time="0.0" classname="base.TestBase">
    <ignored/>
  </testcase> <!-- @AfterSuite afterSuite -->
  <testcase name="@AfterSuite afterSuite" time="0.0" classname="base.TestBase">
    <ignored/>
  </testcase> <!-- @AfterSuite afterSuite -->
  <testcase name="@AfterSuite afterSuite" time="0.0" classname="base.TestBase">
    <ignored/>
  </testcase> <!-- @AfterSuite afterSuite -->
  <testcase name="@AfterSuite afterSuite" time="0.0" classname="base.TestBase">
    <ignored/>
  </testcase> <!-- @AfterSuite afterSuite -->
</testsuite> <!-- SmartSuite Web Testsuite -->
