<?xml version="1.0" encoding="UTF-8"?>
<!-- Generated by org.testng.reporters.JUnitXMLReporter -->
<testsuite ignored="2" hostname="AutoCTIClient" failures="0" tests="3" name="ezNotify Web Testsuite" time="51.561" errors="0" timestamp="2023-08-14T20:21:49 CDT">
  <testcase classname="ezNotify.EncryptPasswords" name="testcases_generalSmartSuite_LoginTest" time="0.235"/>
  <testcase classname="ezNotify.A02RemoveRecipientsTest" name="testcases_ezNotify_RemoveRecipientsTest" time="17.635"/>
  <testcase classname="ezNotify.A02RemoveRecipientsTest" name="testcases_ezNotify_RemoveRecipientsTest" time="28.258"/>
  <testcase classname="base.TestBase" name="@BeforeTest beforeTest" time="0.0">
    <ignored/>
  </testcase> <!-- @BeforeTest beforeTest -->
  <testcase classname="base.TestBase" name="@AfterSuite afterSuite" time="0.0">
    <ignored/>
  </testcase> <!-- @AfterSuite afterSuite -->
</testsuite> <!-- ezNotify Web Testsuite -->
