<?xml version="1.0" encoding="UTF-8"?>
<!-- Generated by org.testng.reporters.JUnitXMLReporter -->
<testsuite ignored="8" hostname="CAMBROSIAS7403" failures="0" tests="7" name="Regression Chrome" time="65.567" errors="0" timestamp="2022-08-18T12:50:27 CDT">
  <testcase classname="general.EncryptPasswords" name="testcases_generalSmartSuite_LoginTest" time="0.027"/>
  <testcase classname="general.EncryptPasswords" name="testcases_generalSmartSuite_LoginTest" time="0.021"/>
  <testcase classname="general.EncryptPasswords" name="testcases_generalSmartSuite_LoginTest" time="0.019"/>
  <testcase classname="generalSmartSuite.LoginTest" name="testcases_generalSmartSuite_LoginTest" time="14.642"/>
  <testcase classname="generalSmartSuite.QuickPageLinkTest" name="testcases_generalSmartSuite_QuickPageLinkTest" time="26.062"/>
  <testcase classname="generalSmartSuite.SendExternalQuickPageTest" name="testcases_generalSmartSuite_SendExternalQuickPageTest" time="17.896"/>
  <testcase classname="generalSmartSuite.TopRightSearchBarTest" name="testcases_generalSmartSuite_TopRightSearchBarTest" time="2.622"/>
  <testcase classname="base.TestBase" name="@AfterSuite afterSuite" time="0.0">
    <ignored/>
  </testcase> <!-- @AfterSuite afterSuite -->
  <testcase classname="base.TestBase" name="@AfterSuite afterSuite" time="0.0">
    <ignored/>
  </testcase> <!-- @AfterSuite afterSuite -->
  <testcase classname="base.TestBase" name="@AfterSuite afterSuite" time="0.0">
    <ignored/>
  </testcase> <!-- @AfterSuite afterSuite -->
  <testcase classname="base.TestBase" name="@AfterSuite afterSuite" time="0.0">
    <ignored/>
  </testcase> <!-- @AfterSuite afterSuite -->
  <testcase classname="base.TestBase" name="@BeforeTest beforeTest" time="0.0">
    <ignored/>
  </testcase> <!-- @BeforeTest beforeTest -->
  <testcase classname="base.TestBase" name="@BeforeTest beforeTest" time="0.0">
    <ignored/>
  </testcase> <!-- @BeforeTest beforeTest -->
  <testcase classname="base.TestBase" name="@BeforeTest beforeTest" time="0.0">
    <ignored/>
  </testcase> <!-- @BeforeTest beforeTest -->
  <testcase classname="base.TestBase" name="@BeforeTest beforeTest" time="0.0">
    <ignored/>
  </testcase> <!-- @BeforeTest beforeTest -->
</testsuite> <!-- Regression Chrome -->
